"../../../Engine/Content/Functions/Engine_MaterialFunctions01/Opacity/CameraDepthFade.uasset" 0
"../../../Engine/Content/EngineMaterials/T_Default_Material_Grid_M.uasset" 1
"../../../Engine/Content/EngineMaterials/T_Default_Material_Grid_N.uasset" 2
"../../../Engine/Content/EngineMaterials/DefaultMaterial.uasset" 3
"../../../Engine/Content/BasicShapes/Cone.uasset" 4
"../../../Engine/Content/EngineMaterials/WorldGridMaterial.uasset" 5
"../../../Engine/Content/BasicShapes/Cube.uasset" 6
"../../../Engine/Content/BasicShapes/Cylinder.uasset" 7
"../../../Engine/Content/BasicShapes/Plane.uasset" 8
"../../../Engine/Content/BasicShapes/Sphere.uasset" 9
"../../../Engine/Content/EditorLandscapeResources/DataLayer.uasset" 10
"../../../Engine/Content/EditorMaterials/GizmoMaterial.uasset" 11
"../../../Engine/Content/EditorMaterials/MAT_Groups_Toggle.uasset" 12
"../../../Engine/Content/EditorMaterials/MAT_Groups_Visibility.uasset" 13
"../../../Engine/Content/EditorMaterials/PreviewShadowIndicator.uasset" 14
"../../../Engine/Content/EditorMaterials/PreviewShadowIndicatorMaterial.uasset" 15
"../../../Engine/Content/EditorMaterials/AssetViewer/EpicQuadPanorama_CC+EV1.uasset" 16
"../../../Engine/Content/EditorMaterials/MatineeGroups/MAT_ColorTrack.uasset" 17
"../../../Engine/Content/EditorMaterials/MatineeGroups/MAT_Groups_Anim.uasset" 18
"../../../Engine/Content/EditorMaterials/MatineeGroups/MAT_Groups_AudioMaster.uasset" 19
"../../../Engine/Content/EditorMaterials/MatineeGroups/MAT_Groups_Director.uasset" 20
"../../../Engine/Content/EditorMaterials/MatineeGroups/MAT_Groups_Event.uasset" 21
"../../../Engine/Content/EditorMaterials/MatineeGroups/MAT_Groups_Fade.uasset" 22
"../../../Engine/Content/EditorMaterials/MatineeGroups/MAT_Groups_Float.uasset" 23
"../../../Engine/Content/EditorMaterials/MatineeGroups/MAT_Groups_Move.uasset" 24
"../../../Engine/Content/EditorMaterials/MatineeGroups/MAT_Groups_Slomo.uasset" 25
"../../../Engine/Content/EditorMaterials/MatineeGroups/MAT_Groups_Sound.uasset" 26
"../../../Engine/Content/EditorMaterials/MatineeGroups/MAT_Groups_Vector.uasset" 27
"../../../Engine/Content/EditorMaterials/ParticleSystems/PSysThumbnail_NoImage.uasset" 28
"../../../Engine/Content/EditorMaterials/ParticleSystems/PSysThumbnail_OOD.uasset" 29
"../../../Engine/Content/EditorMaterials/Camera/CineMat.uasset" 30
"../../../Engine/Content/EditorMaterials/Camera/MI_CineMat_Rig.uasset" 31
"../../../Engine/Content/EditorMeshes/Camera/SM_CraneRig_Arm.uasset" 32
"../../../Engine/Content/EditorMeshes/Camera/SM_CraneRig_Base.uasset" 33
"../../../Engine/Content/EditorMeshes/Camera/SM_CraneRig_Body.uasset" 34
"../../../Engine/Content/EditorMeshes/Camera/SM_CraneRig_Mount.uasset" 35
"../../../Engine/Content/EditorMeshes/Camera/SM_RailRig_Mount.uasset" 36
"../../../Engine/Content/EditorMeshes/Camera/SM_RailRig_Track.uasset" 37
"../../../Engine/Content/EditorResources/BSPVertex.uasset" 38
"../../../Engine/Content/EditorResources/EmptyActor.uasset" 39
"../../../Engine/Content/EditorResources/RGBTable16x1_AssetViewer.uasset" 40
"../../../Engine/Content/EditorResources/S_Actor.uasset" 41
"../../../Engine/Content/EditorResources/S_Trigger.uasset" 42
"../../../Engine/Content/EditorResources/AudioIcons/S_AudioComponent.uasset" 43
"../../../Engine/Content/EditorResources/AudioIcons/S_AudioComponent_AutoActivate.uasset" 44
"../../../Engine/Content/EditorResources/LightIcons/S_LightError.uasset" 45
"../../../Engine/Content/EditorResources/SequenceRecorder/Countdown.uasset" 46
"../../../Engine/Content/EditorResources/SequenceRecorder/RecordingIndicator.uasset" 47
"../../../Engine/Content/EditorSounds/Notifications/CompileFailed.uasset" 48
"../../../Engine/Content/EditorSounds/Notifications/CompileFailed_Cue.uasset" 49
"../../../Engine/Content/EditorSounds/Notifications/CompileSuccess.uasset" 50
"../../../Engine/Content/EditorSounds/Notifications/CompileStart_Cue.uasset" 51
"../../../Engine/Content/EditorSounds/Notifications/CompileSuccess_Cue.uasset" 52
"../../../Engine/Content/EngineDamageTypes/DmgTypeBP_Environmental.uasset" 53
"../../../Engine/Content/EngineDebugMaterials/HeatmapGradient.uasset" 54
"../../../Engine/Content/EngineDebugMaterials/BoneWeightMaterial.uasset" 55
"../../../Engine/Content/EngineDebugMaterials/DebugMeshMaterial.uasset" 56
"../../../Engine/Content/EngineDebugMaterials/GeomMaterial.uasset" 57
"../../../Engine/Content/EngineFonts/Faces/RobotoBold.uasset" 58
"../../../Engine/Content/EngineFonts/Faces/RobotoBoldItalic.uasset" 59
"../../../Engine/Content/EngineFonts/Faces/RobotoItalic.uasset" 60
"../../../Engine/Content/EngineFonts/Faces/RobotoLight.uasset" 61
"../../../Engine/Content/EngineFonts/Faces/RobotoRegular.uasset" 62
"../../../Engine/Content/EngineFonts/Roboto.uasset" 63
"../../../Engine/Content/EngineFonts/Faces/RobotoTiny.uasset" 64
"../../../Engine/Content/EngineFonts/RobotoTiny.uasset" 65
"../../../Engine/Content/EngineMaterials/DefaultBokeh.uasset" 66
"../../../Engine/Content/EngineMaterials/DefaultDiffuse.uasset" 67
"../../../Engine/Content/EngineMaterials/DefaultDeferredDecalMaterial.uasset" 68
"../../../Engine/Content/EngineMaterials/DefaultLightFunctionMaterial.uasset" 69
"../../../Engine/Content/Functions/Engine_MaterialFunctions02/Utility/BreakOutFloat2Components.uasset" 70
"../../../Engine/Content/EngineMaterials/DefaultPostProcessMaterial.uasset" 71
"../../../Engine/Content/EngineFonts/RobotoDistanceField.uasset" 72
"../../../Engine/Content/EngineMaterials/DefaultTextMaterialOpaque.uasset" 73
"../../../Engine/Content/EngineMaterials/DefaultWhiteGrid.uasset" 74
"../../../Engine/Content/EngineMaterials/EditorBrushMaterial.uasset" 75
"../../../Engine/Content/EngineMaterials/MiniFont.uasset" 76
"../../../Engine/Content/EngineMaterials/InvalidLightmapSettings.uasset" 77
"../../../Engine/Content/EngineMaterials/M_InvalidLightmapSettings.uasset" 78
"../../../Engine/Content/EngineMaterials/PhAT_JointLimitMaterial.uasset" 79
"../../../Engine/Content/EngineMaterials/PreintegratedSkinBRDF.uasset" 80
"../../../Engine/Content/EngineMaterials/RemoveSurfaceMaterial.uasset" 81
"../../../Engine/Content/EngineMaterials/WeightMapPlaceholderTexture.uasset" 82
"../../../Engine/Content/EngineResources/WhiteSquareTexture.uasset" 83
"../../../Engine/Content/EngineMaterials/Widget3DPassThrough.uasset" 84
"../../../Engine/Content/EngineMaterials/Widget3DPassThrough_Masked.uasset" 85
"../../../Engine/Content/EngineMaterials/Widget3DPassThrough_Opaque.uasset" 86
"../../../Engine/Content/EngineMaterials/Widget3DPassThrough_Masked_OneSided.uasset" 87
"../../../Engine/Content/EngineMaterials/Widget3DPassThrough_Opaque_OneSided.uasset" 88
"../../../Engine/Content/EngineMaterials/Widget3DPassThrough_Translucent.uasset" 89
"../../../Engine/Content/EngineMaterials/Widget3DPassThrough_Translucent_OneSided.uasset" 90
"../../../Engine/Content/EngineMeshes/Cube.uasset" 91
"../../../Engine/Content/EngineMeshes/Cylinder.uasset" 92
"../../../Engine/Content/EngineMeshes/Sphere.uasset" 93
"../../../Engine/Content/EngineResources/Black.uasset" 94
"../../../Engine/Content/EngineResources/DefaultTexture.uasset" 95
"../../../Engine/Content/EngineResources/DefaultTextureCube.uasset" 96
"../../../Engine/Content/EngineResources/GradientTexture0.uasset" 97
"../../../Engine/Content/EngineSounds/Master.uasset" 98
"../../../Engine/Content/Functions/Engine_MaterialFunctions01/Shading/ConvertFromDiffSpec.uasset" 99
"../../../Engine/Content/Functions/Engine_MaterialFunctions01/Shading/PowerToRoughness.uasset" 100
"../../../Engine/Content/Maps/Templates/Thumbnails/Default.uasset" 101
"../../../Engine/Content/Maps/Templates/Thumbnails/VR-Basic.uasset" 102
"../../../Engine/Content/MobileResources/T_MobileControls_texture.uasset" 103
"../../../Engine/Content/MobileResources/T_MobileMenu2.uasset" 104
"../../../Engine/Content/MobileResources/HUD/AnalogHat.uasset" 105
"../../../Engine/Content/MobileResources/HUD/VirtualJoystick_Background.uasset" 106
"../../../Engine/Content/MobileResources/HUD/VirtualJoystick_Thumb.uasset" 107
"../../../Engine/Content/MobileResources/HUD/DefaultVirtualJoysticks.uasset" 108
"../../../Engine/Content/MobileResources/HUD/LeftVirtualJoystickOnly.uasset" 109
"../../../Engine/Content/MobileResources/HUD/MobileHUDButton1_off.uasset" 110
"../../../Engine/Content/MobileResources/HUD/MobileHUDButton1_on.uasset" 111
"../../../Engine/Content/MobileResources/HUD/MobileHUDButton2_off.uasset" 112
"../../../Engine/Content/MobileResources/HUD/MobileHUDButton2_on.uasset" 113
"../../../Engine/Content/MobileResources/HUD/MobileHUDButton3.uasset" 114
"../../../Engine/Content/MobileResources/HUD/MobileHUDButtonFire.uasset" 115
"../../../Engine/Content/MobileResources/HUD/MobileHUDDirectionPad.uasset" 116
"../../../Engine/Content/MobileResources/HUD/MobileHUDDirectionPad2.uasset" 117
"../../../Engine/Content/MobileResources/HUD/MobileHUDDirectionPad3.uasset" 118
"../../../Engine/Content/MobileResources/HUD/MobileHUDDirectionStick.uasset" 119
"../../../Engine/Content/MobileResources/HUD/T_Castle_ThumbstickInner.uasset" 120
"../../../Engine/Content/MobileResources/HUD/T_Castle_ThumbstickOutter.uasset" 121
"../../../Engine/Content/Tutorial/ContentIntroCurve.uasset" 122
"../../../Engine/Content/Tutorial/Basics/TutorialAssets/icon_tab_Levels_40x.uasset" 123
"../../../Engine/Content/Tutorial/BlueprintTutorials/TutorialAssets/BlueprintInterface_64x.uasset" 124
"../../../Engine/Content/Tutorial/BlueprintTutorials/TutorialAssets/BlueprintMacroLibrary_64x.uasset" 125
"../../../Engine/Content/Tutorial/BlueprintTutorials/TutorialAssets/Blueprint_64x.uasset" 126
"../../../Engine/Content/Tutorial/BlueprintTutorials/TutorialAssets/Tutorial_BP_Interface.uasset" 127
"../../../Engine/Content/Tutorial/Foliage/TutorialAssets/Foliage.uasset" 128
"../../../Engine/Content/Tutorial/Landscape/TutorialAssets/Landscape.uasset" 129
"../../../Engine/Content/Tutorial/Paper2D/TutorialAssets/Paper2DFlipbook_TutorialIcon.uasset" 130
"../../../Engine/Content/Tutorial/Paper2D/TutorialAssets/Paper2DSprite_TutorialIcon.uasset" 131
"../../../Engine/Content/Tutorial/SubEditors/TutorialAssets/icon_Editor_Preferences_General_40x.uasset" 132
"../../../Engine/Content/Tutorial/SubEditors/TutorialAssets/icon_ShowSkeletalMeshes_40x.uasset" 133
"../../../Engine/Content/Tutorial/SubEditors/TutorialAssets/TutorialMaterial.uasset" 134
"../../../Engine/Content/Tutorial/SubEditors/TutorialAssets/T_SmokeSubUV_8X8.uasset" 135
"../../../Engine/Content/Tutorial/SubEditors/TutorialAssets/T_soft_smoke.uasset" 136
"../../../Engine/Content/Tutorial/SubEditors/TutorialAssets/M_smoke_subUV_blackbody.uasset" 137
"../../../Engine/Content/Tutorial/SubEditors/TutorialAssets/TutorialParticleSystem.uasset" 138
"../../../Engine/Content/EditorMeshes/EditorCube.uasset" 139
"../../../Engine/Content/Tutorial/SubEditors/TutorialAssets/Tutorial_DM.uasset" 140
"../../../Engine/Content/VREditor/Devices/Generic/GenericHMDMaterial.uasset" 141
"../../../Engine/Content/VREditor/Devices/Generic/GenericHMD.uasset" 142
"../../../Engine/Content/VREditor/FloatingText/LineMaterial.uasset" 143
"../../../Engine/Content/VREditor/FloatingText/JointSphere.uasset" 144
"../../../Engine/Content/VREditor/FloatingText/LineSegmentCylinder.uasset" 145
"../../../Engine/Content/VREditor/Fonts/VRText_RobotoLarge.uasset" 146
"../../../Engine/Content/VREditor/Fonts/VRTextMaterial.uasset" 147
"../../../Engine/Content/VREditor/Fonts/TranslucentVRTextMaterial.uasset" 148
"../../../Engine/Content/VREditor/LaserPointer/VR_LaserPower_01.uasset" 149
"../../../Engine/Content/VREditor/LaserPointer/LaserPointerMaterial.uasset" 150
"../../../Engine/Content/VREditor/LaserPointer/LaserPointerMaterialInst.uasset" 151
"../../../Engine/Content/VREditor/LaserPointer/TranslucentLaserPointerMaterialInst.uasset" 152
"../../../Engine/Content/VREditor/LaserPointer/LaserPointerMesh.uasset" 153
"../../../Engine/Content/VREditor/Sounds/VR_grab_Cue.uasset" 154
"../../../Engine/Content/VREditor/Sounds/VR_teleport_Cue.uasset" 155
"../../../Engine/Content/VREditor/TransformGizmo/TransformGizmoMaterial.uasset" 156
"../../../Engine/Content/VREditor/TransformGizmo/TranslucentTransformGizmoMaterial.uasset" 157
"../../../Engine/Content/VREditor/TransformGizmo/BoundingBoxCorner.uasset" 158
"../../../Engine/Content/VREditor/TransformGizmo/BoundingBoxEdge.uasset" 159
"../../../Engine/Content/VREditor/TransformGizmo/PlaneTranslationHandle.uasset" 160
"../../../Engine/Content/VREditor/TransformGizmo/RotationHandle.uasset" 161
"../../../Engine/Content/VREditor/TransformGizmo/RotationHandleFull.uasset" 162
"../../../Engine/Content/VREditor/TransformGizmo/StretchingHandle.uasset" 163
"../../../Engine/Content/VREditor/TransformGizmo/TranslateHandleLong.uasset" 164
"../../../Engine/Content/VREditor/TransformGizmo/TranslationHandle.uasset" 165
"../../../Engine/Content/VREditor/TransformGizmo/UniformScaleHandle.uasset" 166
"../../../Engine/Content/VREditor/UI/CloseButtonMesh.uasset" 167
"../../../Engine/Content/VREditor/UI/SelectionBarMesh.uasset" 168
"../../../Engine/Content/Functions/Engine_MaterialFunctions01/Gradient/RadialGradient.uasset" 169
"../../../Engine/Content/VREditor/WorldMovementGrid/SimpleGrid.uasset" 170
"../../../Engine/Content/VREditor/WorldMovementGrid/GridMaterial.uasset" 171
"../../../Engine/Content/Functions/Engine_MaterialFunctions01/Density/ExponentialDensity.uasset" 172
"../../../Engine/Content/VREditor/WorldMovementGrid/GridPostProcess.uasset" 173
"../../../Engine/Content/EditorLandscapeResources/FlattenHeightMat.uasset" 174
"../../../Engine/Content/VREditor/WorldMovementGrid/PlaneMesh.uasset" 175
"../../../Engine/Content/EngineMeshes/Humanoid.uasset" 176
"../../../Engine/Content/Functions/Engine_MaterialFunctions02/Utility/BlendAngleCorrectedNormals.uasset" 177
"../../../Engine/Content/Functions/MaterialLayerFunctions/MatLayerBlend_AO.uasset" 178
"../../../Engine/Content/Functions/MaterialLayerFunctions/MatLayerBlend_NormalBlend.uasset" 179
"../../../Engine/Content/Functions/MaterialLayerFunctions/MatLayerBlend_Simple.uasset" 180
"../../../CMPUnknown/Content/AnimStarterPack/UE4_Mannequin/Materials/MaterialLayers/T_ML_Rubber_Blue_01_D.uasset" 181
"../../../CMPUnknown/Content/AnimStarterPack/UE4_Mannequin/Materials/MaterialLayers/T_ML_Rubber_Blue_01_N.uasset" 182
"../../../CMPUnknown/Content/AnimStarterPack/UE4_Mannequin/Materials/MaterialLayers/ML_GlossyBlack_Latex_UE4.uasset" 183
"../../../CMPUnknown/Content/AnimStarterPack/UE4_Mannequin/Materials/MaterialLayers/ML_Plastic_Shiny_Beige.uasset" 184
"../../../CMPUnknown/Content/AnimStarterPack/UE4_Mannequin/Textures/UE4_LOGO_CARD.uasset" 185
"../../../CMPUnknown/Content/AnimStarterPack/UE4_Mannequin/Materials/MaterialLayers/ML_Plastic_Shiny_Beige_LOGO.uasset" 186
"../../../CMPUnknown/Content/AnimStarterPack/UE4_Mannequin/Materials/MaterialLayers/T_ML_Aluminum01.uasset" 187
"../../../CMPUnknown/Content/AnimStarterPack/UE4_Mannequin/Materials/MaterialLayers/T_ML_Aluminum01_N.uasset" 188
"../../../CMPUnknown/Content/AnimStarterPack/UE4_Mannequin/Materials/MaterialLayers/ML_SoftMetal_UE4.uasset" 189
"../../../CMPUnknown/Content/AnimStarterPack/UE4_Mannequin/Textures/UE4_Mannequin__normals.uasset" 190
"../../../CMPUnknown/Content/AnimStarterPack/UE4_Mannequin/Textures/UE4_Mannequin_MAT_MASKA.uasset" 191
"../../../CMPUnknown/Content/AnimStarterPack/UE4_Mannequin/Textures/UE4_Mannequin_occlusion_Mobile.uasset" 192
"../../../CMPUnknown/Content/AnimStarterPack/UE4_Mannequin/Materials/M_UE4Man_Body.uasset" 193
"../../../CMPUnknown/Content/AnimStarterPack/UE4_Mannequin/Textures/UE4Man_Logo_N.uasset" 194
"../../../CMPUnknown/Content/AnimStarterPack/UE4_Mannequin/Materials/M_UE4Man_ChestLogo.uasset" 195
"../../../CMPUnknown/Content/AnimStarterPack/UE4_Mannequin/Mesh/SK_Mannequin_PhysicsAsset.uasset" 196
"../../../CMPUnknown/Content/AnimStarterPack/UE4_Mannequin/Mesh/SK_Mannequin.uasset" 197
"../../../CMPUnknown/Content/AnimStarterPack/UE4_Mannequin/Mesh/UE4_Mannequin_Skeleton.uasset" 198
"../../../CMPUnknown/Content/AnimStarterPack/Aim_Space_Hip.uasset" 199
"../../../CMPUnknown/Content/AnimStarterPack/Aim_Space_Ironsights.uasset" 200
"../../../CMPUnknown/Content/AnimStarterPack/Crouch_to_Stand_Rifle_Hip.uasset" 201
"../../../CMPUnknown/Content/AnimStarterPack/Crouch_to_Stand_Rifle_Ironsights.uasset" 202
"../../../CMPUnknown/Content/AnimStarterPack/Crouch_Walk_Bwd_Rifle_Ironsights.uasset" 203
"../../../CMPUnknown/Content/AnimStarterPack/Crouch_Walk_Lt_Rifle_Ironsights.uasset" 204
"../../../CMPUnknown/Content/AnimStarterPack/Crouch_Walk_Rt_Rifle_Ironsights.uasset" 205
"../../../CMPUnknown/Content/AnimStarterPack/Death_1.uasset" 206
"../../../CMPUnknown/Content/AnimStarterPack/Death_2.uasset" 207
"../../../CMPUnknown/Content/AnimStarterPack/Death_3.uasset" 208
"../../../CMPUnknown/Content/AnimStarterPack/Death_Ironsights_1.uasset" 209
"../../../CMPUnknown/Content/AnimStarterPack/Death_Ironsights_2.uasset" 210
"../../../CMPUnknown/Content/AnimStarterPack/Equip_Rifle_Standing.uasset" 211
"../../../CMPUnknown/Content/AnimStarterPack/Fire_Rifle_Hip.uasset" 212
"../../../CMPUnknown/Content/AnimStarterPack/Fire_Shotgun_Hip.uasset" 213
"../../../CMPUnknown/Content/AnimStarterPack/Fire_Shotgun_Ironsights.uasset" 214
"../../../CMPUnknown/Content/AnimStarterPack/Hit_React_4.uasset" 215
"../../../CMPUnknown/Content/AnimStarterPack/Idle_Pistol.uasset" 216
"../../../CMPUnknown/Content/AnimStarterPack/Jump_From_Stand_Ironsights.uasset" 217
"../../../CMPUnknown/Content/AnimStarterPack/Prone_Death_1.uasset" 218
"../../../CMPUnknown/Content/AnimStarterPack/Prone_Death_2.uasset" 219
"../../../CMPUnknown/Content/AnimStarterPack/Prone_Fire_1.uasset" 220
"../../../CMPUnknown/Content/AnimStarterPack/Prone_Fire_2.uasset" 221
"../../../CMPUnknown/Content/AnimStarterPack/Prone_Idle.uasset" 222
"../../../CMPUnknown/Content/AnimStarterPack/Prone_Reload_Rifle.uasset" 223
"../../../CMPUnknown/Content/AnimStarterPack/Prone_Reload_Shotgun.uasset" 224
"../../../CMPUnknown/Content/AnimStarterPack/Prone_To_Stand.uasset" 225
"../../../CMPUnknown/Content/AnimStarterPack/Reload_Pistol.uasset" 226
"../../../CMPUnknown/Content/AnimStarterPack/Reload_Rifle_Ironsights.uasset" 227
"../../../CMPUnknown/Content/AnimStarterPack/Reload_Shotgun_Hip.uasset" 228
"../../../CMPUnknown/Content/AnimStarterPack/Reload_Shotgun_Ironsights.uasset" 229
"../../../CMPUnknown/Content/AnimStarterPack/Sprint_Fwd_Rifle.uasset" 230
"../../../CMPUnknown/Content/AnimStarterPack/Stand_to_Crouch_Rifle_Hip.uasset" 231
"../../../CMPUnknown/Content/AnimStarterPack/Stand_to_Crouch_Rifle_Ironsights.uasset" 232
"../../../CMPUnknown/Content/AnimStarterPack/Stand_To_Prone.uasset" 233
"../../../CMPUnknown/Content/AnimStarterPack/UE4_Mannequin/Mesh/Skeleton_Duplicate.uasset" 234
"../../../CMPUnknown/Content/Static/Enemies/CTRD_Heavy/Meshes/SK_CTRD_Heavy_Skeleton.uasset" 235
"../../../CMPUnknown/Content/Dynamic/Animation/Enemies/CTRD_Heavy/Animations/SK_CTRD_Heavy_LOD_Anim.uasset" 236
"../../../CMPUnknown/Content/Dynamic/Animation/Enemies/CTRD_Heavy/Animations/ThirdPersonIdle.uasset" 237
"../../../CMPUnknown/Content/Static/Mannequin/Character/Materials/MaterialLayers/T_ML_Rubber_Blue_01_D.uasset" 238
"../../../CMPUnknown/Content/Static/Mannequin/Character/Materials/MaterialLayers/T_ML_Rubber_Blue_01_N.uasset" 239
"../../../CMPUnknown/Content/Static/Mannequin/Character/Materials/MaterialLayers/ML_GlossyBlack_Latex_UE4.uasset" 240
"../../../CMPUnknown/Content/Static/Mannequin/Character/Materials/MaterialLayers/ML_Plastic_Shiny_Beige.uasset" 241
"../../../CMPUnknown/Content/Static/Mannequin/Character/Textures/UE4_LOGO_CARD.uasset" 242
"../../../CMPUnknown/Content/Static/Mannequin/Character/Materials/MaterialLayers/ML_Plastic_Shiny_Beige_LOGO.uasset" 243
"../../../CMPUnknown/Content/Static/Mannequin/Character/Materials/MaterialLayers/T_ML_Aluminum01.uasset" 244
"../../../CMPUnknown/Content/Static/Mannequin/Character/Materials/MaterialLayers/T_ML_Aluminum01_N.uasset" 245
"../../../CMPUnknown/Content/Static/Mannequin/Character/Materials/MaterialLayers/ML_SoftMetal_UE4.uasset" 246
"../../../CMPUnknown/Content/Static/Mannequin/Character/Textures/UE4_Mannequin__normals.uasset" 247
"../../../CMPUnknown/Content/Static/Mannequin/Character/Textures/UE4_Mannequin_MAT_MASKA.uasset" 248
"../../../CMPUnknown/Content/Static/Mannequin/Character/Materials/M_UE4Man_Body.uasset" 249
"../../../CMPUnknown/Content/Static/Mannequin/Character/Textures/UE4Man_Logo_N.uasset" 250
"../../../CMPUnknown/Content/Static/Mannequin/Character/Materials/M_UE4Man_ChestLogo.uasset" 251
"../../../CMPUnknown/Content/Static/Mannequin/Character/Mesh/SK_Mannequin_PhysicsAsset.uasset" 252
"../../../CMPUnknown/Content/Static/Mannequin/Character/Mesh/SK_Mannequin.uasset" 253
"../../../CMPUnknown/Content/Static/Mannequin/Character/Mesh/UE4_Mannequin_Skeleton.uasset" 254
"../../../CMPUnknown/Content/Dynamic/Animation/Player/ThirdPersonJump_End.uasset" 255
"../../../CMPUnknown/Content/Dynamic/Animation/Player/AnimStarterPack/Aim_Space_Ironsights.uasset" 256
"../../../CMPUnknown/Content/Dynamic/Animation/Player/AnimStarterPack/Idle_Rifle_Ironsights.uasset" 257
"../../../CMPUnknown/Content/Dynamic/Animation/Player/ThirdPerson_Jump.uasset" 258
"../../../CMPUnknown/Content/Dynamic/Animation/Player/ThirdPersonJump_Loop.uasset" 259
"../../../CMPUnknown/Content/Dynamic/Animation/Player/ThirdPersonJump_Start.uasset" 260
"../../../CMPUnknown/Content/Dynamic/Animation/Player/ThirdPersonIdle.uasset" 261
"../../../CMPUnknown/Content/Dynamic/Animation/Player/ThirdPersonRun.uasset" 262
"../../../CMPUnknown/Content/Dynamic/Animation/Player/ThirdPersonWalk.uasset" 263
"../../../CMPUnknown/Content/Dynamic/Animation/Player/ThirdPerson_IdleRun_2D.uasset" 264
"../../../Engine/Content/EditorBlueprintResources/StandardMacros.uasset" 265
"../../../CMPUnknown/Content/Dynamic/Animation/Player/Rifle_AO_CC.uasset" 266
"../../../CMPUnknown/Content/Dynamic/Animation/Player/Rifle_AO_CD.uasset" 267
"../../../CMPUnknown/Content/Dynamic/Animation/Player/Rifle_AO_CU.uasset" 268
"../../../CMPUnknown/Content/Dynamic/Animation/Player/Rifle_AO.uasset" 269
"../../../CMPUnknown/Content/Dynamic/Animation/Player/AnimStarterPack/Death_1.uasset" 270
"../../../CMPUnknown/Content/Dynamic/Animation/Player/CharacterPlayerAnimBP.uasset" 271
"../../../Engine/Content/EditorBlueprintResources/ActorMacros.uasset" 272
"../../../CMPUnknown/Content/Dynamic/UI/Crosshair_UI.uasset" 273
"../../../CMPUnknown/Content/Dynamic/UI/Rusting_Robotica.uasset" 274
"../../../CMPUnknown/Content/Dynamic/UI/Rusting_Robotica_Font.uasset" 275
"../../../CMPUnknown/Content/Dynamic/UI/EndTrainingSlate_UI.uasset" 276
"../../../Engine/Content/Functions/Engine_MaterialFunctions01/ImageAdjustment/BlurSampleOffsets.uasset" 277
"../../../Engine/Content/Functions/Engine_MaterialFunctions01/ImageAdjustment/CheapContrast_RGB.uasset" 278
"../../../Engine/Content/Functions/Engine_MaterialFunctions02/HueShift.uasset" 279
"../../../Engine/Content/Functions/Engine_MaterialFunctions02/Texturing/ScreenAlignedPixelToPixelUVs.uasset" 280
"../../../Engine/Content/EngineMaterials/Good64x64TilingNoiseHighFreq.uasset" 281
"../../../Engine/Content/Functions/Engine_MaterialFunctions02/Utility/DitherTemporalAA.uasset" 282
"../../../CMPUnknown/Content/Static/IndustryPropsPack4/Textures/BaseTextures/base_black_d.uasset" 283
"../../../CMPUnknown/Content/Static/IndustryPropsPack4/Textures/BaseTextures/base_flat_n.uasset" 284
"../../../CMPUnknown/Content/Static/IndustryPropsPack4/Textures/BaseTextures/base_gray_d.uasset" 285
"../../../CMPUnknown/Content/Static/IndustryPropsPack4/Materials/BaseMaterial/bese_material.uasset" 286
"../../../CMPUnknown/Content/Static/IndustryPropsPack4/Textures/Container_D.uasset" 287
"../../../CMPUnknown/Content/Static/IndustryPropsPack4/Textures/Container_N.uasset" 288
"../../../CMPUnknown/Content/Static/IndustryPropsPack4/Textures/Container_SRM.uasset" 289
"../../../CMPUnknown/Content/Static/IndustryPropsPack4/Textures/Dirt2_N.uasset" 290
"../../../CMPUnknown/Content/Static/IndustryPropsPack4/Materials/Container.uasset" 291
"../../../CMPUnknown/Content/Static/IndustryPropsPack4/Meshes/Container.uasset" 292
"../../../CMPUnknown/Content/Static/IndustryPropsPack4/Meshes/ContainerDoorL.uasset" 293
"../../../CMPUnknown/Content/Static/IndustryPropsPack4/Meshes/ContainerDoorR.uasset" 294
"../../../CMPUnknown/Content/Dynamic/Terrain/BP_Container.uasset" 295
"../../../CMPUnknown/Content/Static/Enemies/CTRD_Male/Meshes/SK_CTRD_Slim_Skeleton.uasset" 296
"../../../CMPUnknown/Content/Dynamic/Animation/Enemies/CTRD_Male/Animations/CTRD_Slide.uasset" 297
"../../../CMPUnknown/Content/Dynamic/Animation/Enemies/CTRD_Male/Animations/ThirdPerson_Jump.uasset" 298
"../../../CMPUnknown/Content/Dynamic/Animation/Enemies/CTRD_Male/Animations/ThirdPersonJump_Loop.uasset" 299
"../../../CMPUnknown/Content/Dynamic/Animation/Enemies/CTRD_Male/Animations/ThirdPersonJump_Start.uasset" 300
"../../../CMPUnknown/Content/Dynamic/Animation/Enemies/CTRD_Female/Animations/CTRD_Female_idle.uasset" 301
"../../../CMPUnknown/Content/Dynamic/Animation/Enemies/CTRD_Male/Animations/ThirdPersonRun.uasset" 302
"../../../CMPUnknown/Content/Dynamic/Animation/Enemies/CTRD_Male/Animations/ThirdPersonWalk.uasset" 303
"../../../CMPUnknown/Content/Dynamic/Animation/Enemies/CTRD_Female/Animations/CTRD_Female_Idle_Walk_BlendSpace.uasset" 304
"../../../CMPUnknown/Content/Dynamic/Animation/Enemies/CTRD_Male/Animations/CTRD_Crouch_Idle.uasset" 305
"../../../CMPUnknown/Content/Dynamic/Animation/Enemies/CTRD_Male/Animations/CTRD_Crouch_Walk.uasset" 306
"../../../CMPUnknown/Content/Dynamic/Animation/Enemies/CTRD_Male/Animations/CTRD_Crouch_Idle_Walk_BlendSpace.uasset" 307
"../../../CMPUnknown/Content/Dynamic/Animation/Enemies/CTRD_Female/Animations/CTRD_Female_AB.uasset" 308
"../../../CMPUnknown/Content/Dynamic/Animation/Enemies/CTRD_Heavy/Animations/Death_2.uasset" 309
"../../../CMPUnknown/Content/Dynamic/Animation/Enemies/CTRD_Heavy/Animations/SK_CTRD_Heavy_Slide.uasset" 310
"../../../CMPUnknown/Content/Dynamic/Animation/Enemies/CTRD_Heavy/Animations/ThirdPerson_Jump.uasset" 311
"../../../CMPUnknown/Content/Dynamic/Animation/Enemies/CTRD_Heavy/Animations/ThirdPersonJump_Loop.uasset" 312
"../../../CMPUnknown/Content/Dynamic/Animation/Enemies/CTRD_Heavy/Animations/ThirdPersonJump_Start.uasset" 313
"../../../CMPUnknown/Content/Dynamic/Animation/Enemies/CTRD_Heavy/Animations/SK_CTRD_Heavy_Crouch_Idle.uasset" 314
"../../../CMPUnknown/Content/Dynamic/Animation/Enemies/CTRD_Heavy/Animations/SK_CTRD_Heavy_Crouch_Walk.uasset" 315
"../../../CMPUnknown/Content/Dynamic/Animation/Enemies/CTRD_Heavy/Animations/Crouch_Idle_Walk.uasset" 316
"../../../CMPUnknown/Content/Dynamic/Animation/Enemies/CTRD_Heavy/Animations/SK_CTRD_Heavy_Idle01.uasset" 317
"../../../CMPUnknown/Content/Dynamic/Animation/Enemies/CTRD_Heavy/Animations/ThirdPersonRun.uasset" 318
"../../../CMPUnknown/Content/Dynamic/Animation/Enemies/CTRD_Heavy/Animations/ThirdPersonWalk.uasset" 319
"../../../CMPUnknown/Content/Dynamic/Animation/Enemies/CTRD_Heavy/Animations/ThirdPerson_IdleRun_2D.uasset" 320
"../../../CMPUnknown/Content/Dynamic/Animation/Enemies/CTRD_Heavy/Animations/CTRD_Heavy_AB.uasset" 321
"../../../CMPUnknown/Content/Dynamic/Animation/Enemies/CTRD_Male/Animations/CTRD_Male_idle.uasset" 322
"../../../CMPUnknown/Content/Dynamic/Animation/Enemies/CTRD_Male/Animations/CTRD_Male_Idle_Walk_BlendSpace.uasset" 323
"../../../CMPUnknown/Content/Dynamic/Animation/Enemies/CTRD_Male/Animations/CTRD_Male_AB.uasset" 324
"../../../CMPUnknown/Content/Dynamic/Character/AI/MutantData.uasset" 325
"../../../CMPUnknown/Content/Dynamic/Character/AI/MutantBehaviour.uasset" 326
"../../../CMPUnknown/Content/Dynamic/Character/AI/AIController_BP.uasset" 327
"../../../Engine/Content/Functions/Engine_MaterialFunctions02/Utility/DynamicBranch.uasset" 328
"../../../CMPUnknown/Content/Static/Enemies/CTRD_Male/Textures/T_CTRD_MALE_M01.uasset" 329
"../../../CMPUnknown/Content/Static/Enemies/CTRD_Male/Textures/T_CTRD_MALE_M02.uasset" 330
"../../../CMPUnknown/Content/Static/Enemies/CTRD_Male/Textures/T_CTRD_MALE_N.uasset" 331
"../../../CMPUnknown/Content/Static/Enemies/CTRD_Male/Textures/T_CTRD_MALE_R.uasset" 332
"../../../CMPUnknown/Content/Static/Enemies/CTRD_Male/Materials/M_CTRD_Male.uasset" 333
"../../../CMPUnknown/Content/Static/Enemies/CTRD_Male/Materials/MI_CTRD_Male01.uasset" 334
"../../../CMPUnknown/Content/Static/Enemies/CTRD_Female/Textures/T_CTRD_Female_M01.uasset" 335
"../../../CMPUnknown/Content/Static/Enemies/CTRD_Female/Textures/T_CTRD_Female_M02.uasset" 336
"../../../CMPUnknown/Content/Static/Enemies/CTRD_Female/Textures/T_CTRD_Female_N.uasset" 337
"../../../CMPUnknown/Content/Static/Enemies/CTRD_Female/Textures/T_CTRD_Female_R.uasset" 338
"../../../CMPUnknown/Content/Static/Enemies/CTRD_Female/Materials/M_CTRD_Female.uasset" 339
"../../../CMPUnknown/Content/Static/Enemies/CTRD_Female/Materials/MI_CTRD_Female01.uasset" 340
"../../../CMPUnknown/Content/Static/Enemies/CTRD_Male/Meshes/SK_CTRD_Slim__Physics.uasset" 341
"../../../CMPUnknown/Content/Static/Enemies/CTRD_Female/Meshes/SK_Female_CTRD_LOD.uasset" 342
"../../../CMPUnknown/Content/Static/Enemies/CTRD_Heavy/Textures/T_CTRD_HEAVY_M01.uasset" 343
"../../../CMPUnknown/Content/Static/Enemies/CTRD_Heavy/Textures/T_CTRD_HEAVY_M02.uasset" 344
"../../../CMPUnknown/Content/Static/Enemies/CTRD_Heavy/Textures/T_CTRD_HEAVY_N.uasset" 345
"../../../CMPUnknown/Content/Static/Enemies/CTRD_Heavy/Textures/T_CTRD_HEAVY_R.uasset" 346
"../../../CMPUnknown/Content/Static/Enemies/CTRD_Heavy/Materials/M_CTRD_HEAVY.uasset" 347
"../../../CMPUnknown/Content/Static/Enemies/CTRD_Heavy/Materials/MI_CTRD_HEAVY01.uasset" 348
"../../../CMPUnknown/Content/Static/Enemies/CTRD_Heavy/Meshes/SK_CTRD_Heavy_LOD.uasset" 349
"../../../CMPUnknown/Content/Static/Enemies/CTRD_Male/Meshes/SK_Male_CTRD_LOD.uasset" 350
"../../../CMPUnknown/Content/Dynamic/Character/Blueprints/BP_RobotDummyMaster.uasset" 351
"../../../CMPUnknown/Content/Dynamic/Character/Blueprints/BP_Mutant_Heavy_U1.uasset" 352
"../../../CMPUnknown/Content/Static/Assets/GlobalTextures/T_MacroVariation.uasset" 353
"../../../CMPUnknown/Content/Static/Assets/Materials/M_Metal_Brushed_Nickel.uasset" 354
"../../../CMPUnknown/Content/Static/GrassPack/Textures/BaseTextures/base_flat_n.uasset" 355
"../../../CMPUnknown/Content/Static/GrassPack/Textures/BaseTextures/base_gray_d.uasset" 356
"../../../CMPUnknown/Content/Static/GrassPack/Materials/BaseMaterial/bese_material.uasset" 357
"../../../CMPUnknown/Content/Static/GrassPack/Textures/Ground_D.uasset" 358
"../../../CMPUnknown/Content/Static/GrassPack/Textures/Ground_N.uasset" 359
"../../../CMPUnknown/Content/Static/GrassPack/Materials/Ground.uasset" 360
"../../../CMPUnknown/Content/Static/Assets/GlobalTextures/T_Ground_Grass_D.uasset" 361
"../../../CMPUnknown/Content/Static/Assets/GlobalTextures/T_Ground_Grass_N.uasset" 362
"../../../CMPUnknown/Content/Static/Assets/GlobalTextures/T_Perlin_Noise_M.uasset" 363
"../../../CMPUnknown/Content/Static/Assets/Materials/M_Ground_Grass2.uasset" 364
"../../../CMPUnknown/Content/Static/Assets/GlobalTextures/T_Metal_Steel_D.uasset" 365
"../../../CMPUnknown/Content/Static/Assets/GlobalTextures/T_Metal_Steel_N.uasset" 366
"../../../CMPUnknown/Content/Static/Assets/Materials/M_Metal_Steel.uasset" 367
"../../../CMPUnknown/Content/Dynamic/Terrain/TerrainComponents/LandscapeVar1_Outdoor.uasset" 368
"../../../CMPUnknown/Content/Static/Geometry/uvmapper.uasset" 369
"../../../CMPUnknown/Content/Static/Geometry/lambert1.uasset" 370
"../../../CMPUnknown/Content/Static/Geometry/Door1.uasset" 371
"../../../CMPUnknown/Content/Static/Geometry/Door2.uasset" 372
"../../../CMPUnknown/Content/Static/Geometry/DoorFrame_M.uasset" 373
"../../../CMPUnknown/Content/Static/Geometry/DoorFrame.uasset" 374
"../../../CMPUnknown/Content/Static/Geometry/Textures/Wall_lambert1_BaseColor.uasset" 375
"../../../CMPUnknown/Content/Static/Geometry/Textures/Wall_lambert1_Normal.uasset" 376
"../../../CMPUnknown/Content/Static/Geometry/Textures/Wall_lambert1_OcclusionRoughnessMetallic.uasset" 377
"../../../CMPUnknown/Content/Static/Geometry/Wall_M.uasset" 378
"../../../CMPUnknown/Content/Static/Geometry/WallSection.uasset" 379
"../../../CMPUnknown/Content/Static/Geometry/blinn1.uasset" 380
"../../../CMPUnknown/Content/Static/Geometry/WallTower_LVL1.uasset" 381
"../../../Engine/Content/Functions/Engine_MaterialFunctions01/Gradient/LinearGradient.uasset" 382
"../../../Engine/Content/Functions/Engine_MaterialFunctions01/Shading/FuzzyShadingGrass.uasset" 383
"../../../Engine/Content/Functions/Engine_MaterialFunctions01/WorldPositionOffset/SimpleGrassWind.uasset" 384
"../../../CMPUnknown/Content/Static/GrassPack/Textures/BaseTextures/Mask1.uasset" 385
"../../../CMPUnknown/Content/Static/GrassPack/Materials/BaseMaterial/Flora_twoSides.uasset" 386
"../../../CMPUnknown/Content/Static/GrassPack/Textures/Grass_D.uasset" 387
"../../../CMPUnknown/Content/Static/GrassPack/Textures/Grass_N.uasset" 388
"../../../CMPUnknown/Content/Static/GrassPack/Materials/grass.uasset" 389
"../../../CMPUnknown/Content/Static/GrassPack/Meshes/grass01.uasset" 390
"../../../CMPUnknown/Content/Static/GrassPack/Textures/Grass5_D.uasset" 391
"../../../CMPUnknown/Content/Static/GrassPack/Textures/Grass5_N.uasset" 392
"../../../CMPUnknown/Content/Static/GrassPack/Materials/grass5.uasset" 393
"../../../CMPUnknown/Content/Static/GrassPack/Meshes/grass05.uasset" 394
"../../../CMPUnknown/Content/Dynamic/Terrain/TileVar1_BP.uasset" 395
"../../../CMPUnknown/Content/Dynamic/Terrain/TileVar2_BP.uasset" 396
"../../../CMPUnknown/Content/Dynamic/Terrain/BP_Container_TriggerVol.uasset" 397
"../../../CMPUnknown/Content/Dynamic/Terrain/TilePersistent.uasset" 398
"../../../CMPUnknown/Content/CMPUnknownGameMode_BP.uasset" 399
"../../../CMPUnknown/Content/Dynamic/UI/HUD_UI.uasset" 400
"../../../CMPUnknown/Content/Dynamic/UI/BP_HUD.uasset" 401
"../../../CMPUnknown/Content/Dynamic/Character/Blueprints/CharacterPlayerController.uasset" 402
"../../../CMPUnknown/Content/StarterContent/Materials/M_Basic_Wall.uasset" 403
"../../../CMPUnknown/Content/StarterContent/Shapes/Shape_Sphere.uasset" 404
"../../../CMPUnknown/Content/Dynamic/Weapons/FPWeapon/Behaviour/BP_PlayerProjectile.uasset" 405
"../../../CMPUnknown/Content/StarterContent/Textures/T_Burst_M.uasset" 406
"../../../CMPUnknown/Content/StarterContent/Particles/Materials/M_Burst.uasset" 407
"../../../CMPUnknown/Content/StarterContent/Textures/T_Explosion_SubUV.uasset" 408
"../../../CMPUnknown/Content/StarterContent/Particles/Materials/M_explosion_subUV.uasset" 409
"../../../CMPUnknown/Content/StarterContent/Particles/Materials/m_flare_01.uasset" 410
"../../../CMPUnknown/Content/StarterContent/Particles/Materials/M_radial_ramp.uasset" 411
"../../../CMPUnknown/Content/StarterContent/Textures/T_Smoke_SubUV.uasset" 412
"../../../CMPUnknown/Content/StarterContent/Textures/T_Smoke_Tiled_D.uasset" 413
"../../../CMPUnknown/Content/StarterContent/Particles/Materials/M_smoke_subUV.uasset" 414
"../../../CMPUnknown/Content/StarterContent/Particles/P_Explosion.uasset" 415
"../../../CMPUnknown/Content/Dynamic/Weapons/FPWeapon/Behaviour/WeaponMaster_BP.uasset" 416
"../../../CMPUnknown/Content/Static/Weapons/FPWeapon/Materials/MaterialLayers/T_ML_Rubber_Blue_01_D.uasset" 417
"../../../CMPUnknown/Content/Static/Weapons/FPWeapon/Materials/MaterialLayers/T_ML_Rubber_Blue_01_N.uasset" 418
"../../../CMPUnknown/Content/Static/Weapons/FPWeapon/Materials/MaterialLayers/ML_GlossyBlack_Latex_UE4.uasset" 419
"../../../CMPUnknown/Content/Static/Weapons/FPWeapon/Materials/MaterialLayers/ML_Plastic_Shiny_Beige.uasset" 420
"../../../CMPUnknown/Content/Static/Weapons/FPWeapon/Materials/MaterialLayers/ML_Screen.uasset" 421
"../../../CMPUnknown/Content/Static/Weapons/FPWeapon/Materials/MaterialLayers/T_ML_Aluminum01.uasset" 422
"../../../CMPUnknown/Content/Static/Weapons/FPWeapon/Materials/MaterialLayers/T_ML_Aluminum01_N.uasset" 423
"../../../CMPUnknown/Content/Static/Weapons/FPWeapon/Materials/MaterialLayers/ML_SoftMetal_UE4.uasset" 424
"../../../CMPUnknown/Content/Static/Weapons/FPWeapon/Textures/T_FPGun_M.uasset" 425
"../../../CMPUnknown/Content/Static/Weapons/FPWeapon/Textures/T_FPGun_N.uasset" 426
"../../../CMPUnknown/Content/Static/Weapons/FPWeapon/Materials/M_FPGun.uasset" 427
"../../../CMPUnknown/Content/Static/Weapons/FPWeapon/Mesh/SK_FPGun_Skeleton.uasset" 428
"../../../CMPUnknown/Content/Static/Weapons/FPWeapon/Mesh/SK_FPGun.uasset" 429
"../../../CMPUnknown/Content/Dynamic/Weapons/FPWeapon/Behaviour/Hand_BP.uasset" 430
"../../../CMPUnknown/Content/Dynamic/Character/Blueprints/CharacterPlayer_BP.uasset" 431
"../../../CMPUnknown/Content/Dynamic/Animation/Player/Archive/ThirdPerson_AnimBP.uasset" 432
"../../../CMPUnknown/Content/AnimStarterPack/Idle_Rifle_Hip.uasset" 433
"../../../CMPUnknown/Content/AnimStarterPack/Jump_From_Jog.uasset" 434
"../../../CMPUnknown/Content/AnimStarterPack/Jump_From_Stand.uasset" 435
"../../../CMPUnknown/Content/AnimStarterPack/UE4_Mannequin/Idle_Rifle_Ironsights.uasset" 436
"../../../CMPUnknown/Content/AnimStarterPack/Walk_Bwd_Rifle_Ironsights.uasset" 437
"../../../CMPUnknown/Content/AnimStarterPack/Walk_Fwd_Rifle_Ironsights.uasset" 438
"../../../CMPUnknown/Content/AnimStarterPack/Walk_Lt_Rifle_Ironsights.uasset" 439
"../../../CMPUnknown/Content/AnimStarterPack/Walk_Rt_Rifle_Ironsights.uasset" 440
"../../../CMPUnknown/Content/Dynamic/Animation/Player/Custom/Patrol_Aim_BS.uasset" 441
"../../../CMPUnknown/Content/AnimStarterPack/Jog_Bwd_Rifle.uasset" 442
"../../../CMPUnknown/Content/AnimStarterPack/Jog_Fwd_Rifle.uasset" 443
"../../../CMPUnknown/Content/AnimStarterPack/Jog_Lt_Rifle.uasset" 444
"../../../CMPUnknown/Content/AnimStarterPack/Jog_Rt_Rifle.uasset" 445
"../../../CMPUnknown/Content/Dynamic/Animation/Player/Custom/Patrol_BS.uasset" 446
"../../../CMPUnknown/Content/Dynamic/Animation/Player/Custom/AnimBlueprint_MC.uasset" 447
"../../../CMPUnknown/Content/Dynamic/Character/AI/FollowData.uasset" 448
"../../../CMPUnknown/Content/Dynamic/Character/AI/FollowerBehaviour.uasset" 449
"../../../CMPUnknown/Content/Dynamic/Character/AI/FollowerData.uasset" 450
"../../../CMPUnknown/Content/Dynamic/Character/AI/IsWithinRange.uasset" 451
"../../../CMPUnknown/Content/Dynamic/Character/AI/UpdateRotation.uasset" 452
"../../../CMPUnknown/Content/Static/Assets/GlobalTextures/T_Concrete_Poured_D.uasset" 453
"../../../CMPUnknown/Content/Static/Assets/GlobalTextures/T_Concrete_Poured_N.uasset" 454
"../../../CMPUnknown/Content/Static/Assets/Materials/M_Concrete_Poured.uasset" 455
"../../../CMPUnknown/Content/Static/Assets/GlobalTextures/T_Concrete_Tiles_D.uasset" 456
"../../../CMPUnknown/Content/Static/Assets/GlobalTextures/T_Concrete_Tiles_M.uasset" 457
"../../../CMPUnknown/Content/Static/Assets/GlobalTextures/T_Concrete_Tiles_N.uasset" 458
"../../../CMPUnknown/Content/Static/Assets/GlobalTextures/T_Concrete_Tiles_Variation_M.uasset" 459
"../../../CMPUnknown/Content/Static/Assets/Materials/M_Concrete_Tiles.uasset" 460
"../../../CMPUnknown/Content/Dynamic/Terrain/TerrainComponents/Landscape_IndoorOutdoor.uasset" 461
"../../../CMPUnknown/Content/Static/Assets/Materials/M_Metal_Chrome.uasset" 462
"../../../CMPUnknown/Content/Dynamic/Terrain/TerrainComponents/Landscape_IndoorOutdoor_Expanded.uasset" 463
"../../../CMPUnknown/Content/Dynamic/Terrain/TerrainComponents/LeftWallVar1_BP.uasset" 464
"../../../CMPUnknown/Content/Dynamic/Terrain/TerrainComponents/RightWallVar1_BP.uasset" 465
"../../../CMPUnknown/Content/Dynamic/Terrain/TerrainComponents/WallDoorVar1_BP.uasset" 466
"../../../CMPUnknown/Content/Dynamic/Terrain/TerrainComponents/Depreceated/Landscape_IndoorOutdoor.uasset" 467
"../../../CMPUnknown/Content/Dynamic/Terrain/TerrainComponents/Depreceated/Landscape_IndoorOutdoor_Expanded.uasset" 468
"../../../CMPUnknown/Content/Dynamic/UI/Crosshair.uasset" 469
"../../../CMPUnknown/Content/Dynamic/UI/fantasy_landscape__mountains_by_doppingqnk-d6sq6ee.uasset" 470
"../../../CMPUnknown/Content/Dynamic/UI/Player_UI.uasset" 471
"../../../CMPUnknown/Content/Dynamic/Weapons/FPWeapon/Behaviour/BP_PlayerFireComponent.uasset" 472
"../../../CMPUnknown/Content/Dynamic/Weapons/FPWeapon/Behaviour/Gun_BP.uasset" 473
"../../../CMPUnknown/Content/Dynamic/Weapons/FPWeapon/Behaviour/Pistol_BP.uasset" 474
"../../../CMPUnknown/Content/Dynamic/Weapons/FPWeapon/Behaviour/E_WeaponInventorySlot.uasset" 475
"../../../CMPUnknown/Content/Dynamic/Weapons/FPWeapon/Behaviour/S_CharacterWeaponSlot.uasset" 476
"../../../CMPUnknown/Content/StarterContent/Architecture/Pillar_50x500.uasset" 477
"../../../CMPUnknown/Content/StarterContent/Architecture/Wall_400x300.uasset" 478
"../../../CMPUnknown/Content/StarterContent/Architecture/Wall_400x400.uasset" 479
"../../../CMPUnknown/Content/StarterContent/Architecture/Wall_500x500.uasset" 480
"../../../CMPUnknown/Content/StarterContent/Architecture/Wall_Door_400x400.uasset" 481
"../../../CMPUnknown/Content/StarterContent/Architecture/Wall_Window_400x400.uasset" 482
"../../../CMPUnknown/Content/StarterContent/Audio/Light01_Cue.uasset" 483
"../../../CMPUnknown/Content/StarterContent/Audio/Light02_Cue.uasset" 484
"../../../CMPUnknown/Content/StarterContent/Audio/Explosion_Cue.uasset" 485
"../../../CMPUnknown/Content/StarterContent/Blueprints/Blueprint_Effect_Explosion.uasset" 486
"../../../Engine/Content/EditorMeshes/ColorCalibrator/T_ColorGrid.uasset" 487
"../../../CMPUnknown/Content/StarterContent/Materials/M_ColorGrid_LowSpec.uasset" 488
"../../../CMPUnknown/Content/StarterContent/Textures/T_Bush_D.uasset" 489
"../../../CMPUnknown/Content/StarterContent/Textures/T_Bush_N.uasset" 490
"../../../CMPUnknown/Content/StarterContent/Props/Materials/M_Bush.uasset" 491
"../../../CMPUnknown/Content/StarterContent/Props/SM_Bush.uasset" 492
"../../../CMPUnknown/Content/StarterContent/Textures/T_Chair_M.uasset" 493
"../../../CMPUnknown/Content/StarterContent/Textures/T_Chair_N.uasset" 494
"../../../CMPUnknown/Content/StarterContent/Props/Materials/M_Chair.uasset" 495
"../../../CMPUnknown/Content/StarterContent/Props/SM_Couch.uasset" 496
"../../../CMPUnknown/Content/StarterContent/Materials/M_Glass.uasset" 497
"../../../CMPUnknown/Content/StarterContent/Textures/T_Door_M.uasset" 498
"../../../CMPUnknown/Content/StarterContent/Textures/T_Door_N.uasset" 499
"../../../CMPUnknown/Content/StarterContent/Props/Materials/M_Door.uasset" 500
"../../../CMPUnknown/Content/StarterContent/Props/SM_Door.uasset" 501
"../../../CMPUnknown/Content/StarterContent/Props/Materials/M_MaterialSphere.uasset" 502
"../../../CMPUnknown/Content/StarterContent/Props/Materials/M_MaterialSphere_Plain.uasset" 503
"../../../CMPUnknown/Content/StarterContent/Props/SM_MatPreviewMesh_02.uasset" 504
"../../../CMPUnknown/Content/StarterContent/Textures/T_Detail_Rocky_N.uasset" 505
"../../../CMPUnknown/Content/StarterContent/Textures/T_Rock_Basalt_D.uasset" 506
"../../../CMPUnknown/Content/StarterContent/Textures/T_RockMesh_M.uasset" 507
"../../../CMPUnknown/Content/StarterContent/Textures/T_RockMesh_N.uasset" 508
"../../../CMPUnknown/Content/StarterContent/Props/Materials/M_Rock.uasset" 509
"../../../CMPUnknown/Content/StarterContent/Props/SM_Rock.uasset" 510
"../../../CMPUnknown/Content/StarterContent/Textures/T_Shelf_M.uasset" 511
"../../../CMPUnknown/Content/StarterContent/Textures/T_Shelf_N.uasset" 512
"../../../CMPUnknown/Content/StarterContent/Props/Materials/M_Shelf.uasset" 513
"../../../CMPUnknown/Content/StarterContent/Props/SM_Shelf.uasset" 514
"../../../CMPUnknown/Content/StarterContent/Materials/M_Basic_Floor.uasset" 515
"../../../CMPUnknown/Content/StarterContent/Props/SM_Stairs.uasset" 516
"../../../CMPUnknown/Content/StarterContent/Shapes/Shape_Cone.uasset" 517
"../../../CMPUnknown/Content/StarterContent/Shapes/Shape_Cylinder.uasset" 518
"../../../CMPUnknown/Content/StarterContent/Shapes/Shape_NarrowCapsule.uasset" 519
"../../../CMPUnknown/Content/StarterContent/Shapes/Shape_Pipe.uasset" 520
"../../../CMPUnknown/Content/StarterContent/Shapes/Shape_Pipe_180.uasset" 521
"../../../CMPUnknown/Content/StarterContent/Shapes/Shape_Pipe_90.uasset" 522
"../../../CMPUnknown/Content/StarterContent/Shapes/Shape_Plane.uasset" 523
"../../../CMPUnknown/Content/StarterContent/Shapes/Shape_Torus.uasset" 524
"../../../CMPUnknown/Content/StarterContent/Shapes/Shape_Trim.uasset" 525
"../../../CMPUnknown/Content/StarterContent/Shapes/Shape_Trim_90_In.uasset" 526
"../../../CMPUnknown/Content/StarterContent/Shapes/Shape_Trim_90_Out.uasset" 527
"../../../CMPUnknown/Content/StarterContent/Shapes/Shape_TriPyramid.uasset" 528
"../../../CMPUnknown/Content/StarterContent/Shapes/Shape_Tube.uasset" 529
"../../../CMPUnknown/Content/StarterContent/Shapes/Shape_Wedge_A.uasset" 530
"../../../CMPUnknown/Content/StarterContent/Shapes/Shape_Wedge_B.uasset" 531
"../../../CMPUnknown/Content/StarterContent/Shapes/Shape_WideCapsule.uasset" 532
"../../../CMPUnknown/Content/Static/Assets/Audio/FirstPersonTemplateWeaponFire02.uasset" 533
"../../../CMPUnknown/Content/Static/Assets/GlobalTextures/T_Rock_Basalt_D.uasset" 534
"../../../CMPUnknown/Content/Static/Assets/GlobalTextures/T_Rock_Basalt_N.uasset" 535
"../../../CMPUnknown/Content/Static/Assets/GlobalTextures/M_Rock_Basalt.uasset" 536
"../../../CMPUnknown/Content/Static/Assets/GlobalTextures/T_Metal_Gold_D.uasset" 537
"../../../CMPUnknown/Content/Static/Assets/GlobalTextures/T_Rock_Sandstone_N.uasset" 538
"../../../CMPUnknown/Content/Static/Assets/GlobalTextures/T_Rock_Slate_N.uasset" 539
"../../../CMPUnknown/Content/Static/Assets/GlobalTextures/T_Metal_Aluminum_D.uasset" 540
"../../../CMPUnknown/Content/Static/Assets/GlobalTextures/T_Metal_Gold_N.uasset" 541
"../../../CMPUnknown/Content/Static/Assets/Materials/M_Metal_Burnished_Steel.uasset" 542
"../../../CMPUnknown/Content/Static/Enemies/CTRD_Female/Materials/MI_CTRD_Female02.uasset" 543
"../../../CMPUnknown/Content/Static/Enemies/CTRD_Female/Materials/MI_CTRD_Female03.uasset" 544
"../../../CMPUnknown/Content/Static/Enemies/CTRD_Female/Materials/MI_CTRD_Female04.uasset" 545
"../../../CMPUnknown/Content/Static/Enemies/CTRD_Female/Materials/MI_CTRD_Female05.uasset" 546
"../../../CMPUnknown/Content/Static/Enemies/CTRD_Heavy/Materials/MI_CTRD_HEAVY02.uasset" 547
"../../../CMPUnknown/Content/Static/Enemies/CTRD_Heavy/Materials/MI_CTRD_HEAVY03.uasset" 548
"../../../CMPUnknown/Content/Static/Enemies/CTRD_Heavy/Materials/MI_CTRD_HEAVY04.uasset" 549
"../../../CMPUnknown/Content/Static/Enemies/CTRD_Heavy/Materials/MI_CTRD_HEAVY05.uasset" 550
"../../../CMPUnknown/Content/Static/Enemies/CTRD_Male/Materials/MI_CTRD_Male02.uasset" 551
"../../../CMPUnknown/Content/Static/Enemies/CTRD_Male/Materials/MI_CTRD_Male03.uasset" 552
"../../../CMPUnknown/Content/Static/Enemies/CTRD_Male/Materials/MI_CTRD_Male04.uasset" 553
"../../../CMPUnknown/Content/Static/Enemies/CTRD_Male/Materials/MI_CTRD_Male05.uasset" 554
"../../../CMPUnknown/Content/Static/Enemies/CTRD_Male/Meshes/SK_Male_CTRD.uasset" 555
"../../../CMPUnknown/Content/Static/Geometry/WallTEX.uasset" 556
"../../../CMPUnknown/Content/Static/Geometry/WallTower_M.uasset" 557
"../../../CMPUnknown/Content/Static/Geometry/WallTower.uasset" 558
"../../../CMPUnknown/Content/Static/Geometry/IndoorOutdoor/Landscape_IndoorOutdoor.uasset" 559
"../../../CMPUnknown/Content/Static/Geometry/Meshes/CubeMaterial.uasset" 560
"../../../CMPUnknown/Content/Static/Geometry/Meshes/1M_Cube.uasset" 561
"../../../CMPUnknown/Content/Static/Geometry/Meshes/1M_Cube_Chamfer.uasset" 562
"../../../CMPUnknown/Content/Static/Geometry/Meshes/RampMaterial.uasset" 563
"../../../CMPUnknown/Content/Static/Geometry/Meshes/Bump_StaticMesh.uasset" 564
"../../../CMPUnknown/Content/Static/Geometry/Meshes/LeftArm_StaticMesh.uasset" 565
"../../../CMPUnknown/Content/Static/Geometry/Meshes/Linear_Stair_StaticMesh.uasset" 566
"../../../CMPUnknown/Content/Static/Geometry/Meshes/Ramp_StaticMesh.uasset" 567
"../../../CMPUnknown/Content/Static/Geometry/Meshes/RightArm_StaticMesh.uasset" 568
"../../../CMPUnknown/Content/Static/Geometry/Meshes/TemplateFloor.uasset" 569
"../../../CMPUnknown/Content/Static/GrassPack/Textures/Grass2_D.uasset" 570
"../../../CMPUnknown/Content/Static/GrassPack/Textures/Grass2_N.uasset" 571
"../../../CMPUnknown/Content/Static/GrassPack/Materials/grass2.uasset" 572
"../../../CMPUnknown/Content/Static/GrassPack/Meshes/grass02.uasset" 573
"../../../CMPUnknown/Content/Static/GrassPack/Textures/T_Ground_Grass_D.uasset" 574
"../../../CMPUnknown/Content/Static/GrassPack/Textures/T_Perlin_Noise_M.uasset" 575
"../../../CMPUnknown/Content/Static/IndustryPropsPack4/Textures/Box_D.uasset" 576
"../../../CMPUnknown/Content/Static/IndustryPropsPack4/Textures/Box_N.uasset" 577
"../../../CMPUnknown/Content/Static/IndustryPropsPack4/Textures/Box_SRM.uasset" 578
"../../../CMPUnknown/Content/Static/IndustryPropsPack4/Materials/Box.uasset" 579
"../../../CMPUnknown/Content/Static/IndustryPropsPack4/Meshes/Box2.uasset" 580
"../../../CMPUnknown/Content/Static/IndustryPropsPack4/Textures/Canister_D.uasset" 581
"../../../CMPUnknown/Content/Static/IndustryPropsPack4/Textures/Canister_N.uasset" 582
"../../../CMPUnknown/Content/Static/IndustryPropsPack4/Textures/Canister_SRM.uasset" 583
"../../../CMPUnknown/Content/Static/IndustryPropsPack4/Materials/Canister.uasset" 584
"../../../CMPUnknown/Content/Static/IndustryPropsPack4/Meshes/Canister1.uasset" 585
"../../../CMPUnknown/Content/Static/IndustryPropsPack4/Textures/TrashCan_D.uasset" 586
"../../../CMPUnknown/Content/Static/IndustryPropsPack4/Textures/TrashCan_N.uasset" 587
"../../../CMPUnknown/Content/Static/IndustryPropsPack4/Textures/TrashCan_SRM.uasset" 588
"../../../CMPUnknown/Content/Static/IndustryPropsPack4/Materials/TrashCan.uasset" 589
"../../../CMPUnknown/Content/Static/IndustryPropsPack4/Meshes/Sack1.uasset" 590
"../../../CMPUnknown/Content/Static/Weapons/FPWeapon/Materials/MaterialLayers/ML_Plastic_Shiny_Beige_LOGO.uasset" 591
"../../../CMPUnknown/Content/Static/Weapons/FPWeapon/Materials/MaterialLayers/T_ML_FineRubber.uasset" 592
"../../../CMPUnknown/Content/Static/Weapons/FPWeapon/Mesh/SK_FPGun_PhysicsAsset.uasset" 593
"../../../Engine/Plugins/2D/Paper2D/Content/DummySprite.uasset" 594
"../../../Engine/Plugins/2D/Paper2D/Content/DefaultPaperTerrainMaterial.uasset" 595
"../../../Engine/Plugins/2D/Paper2D/Content/DefaultSpriteMaterial.uasset" 596
"../../../Engine/Plugins/2D/Paper2D/Content/MaskedUnlitSpriteMaterial.uasset" 597
"../../../Engine/Plugins/2D/Paper2D/Content/OpaqueUnlitSpriteMaterial.uasset" 598
"../../../Engine/Plugins/2D/Paper2D/Content/PlaceholderTextures/DummySpriteTexture.uasset" 599
"../../../CMPUnknown/Content/Dynamic/Levels/NormalMap.umap" 600
"../../../CMPUnknown/Content/AnimStarterPack/Crouch_Idle_Rifle_Hip.uasset" 601
"../../../CMPUnknown/Content/AnimStarterPack/Crouch_Idle_Rifle_Ironsights.uasset" 602
"../../../CMPUnknown/Content/AnimStarterPack/Crouch_Walk_Fwd_Rifle_Ironsights.uasset" 603
"../../../CMPUnknown/Content/AnimStarterPack/Equip_Pistol_Standing.uasset" 604
"../../../CMPUnknown/Content/AnimStarterPack/Fire_Rifle_Ironsights.uasset" 605
"../../../CMPUnknown/Content/AnimStarterPack/Hit_React_1.uasset" 606
"../../../CMPUnknown/Content/AnimStarterPack/Hit_React_2.uasset" 607
"../../../CMPUnknown/Content/AnimStarterPack/Hit_React_3.uasset" 608
"../../../CMPUnknown/Content/AnimStarterPack/Idle_Rifle_Hip_Break1.uasset" 609
"../../../CMPUnknown/Content/AnimStarterPack/Idle_Rifle_Hip_Break2.uasset" 610
"../../../CMPUnknown/Content/AnimStarterPack/Reload_Rifle_Hip.uasset" 611
"../../../Engine/Content/EngineSky/C_Sky_Cloud_Color.uasset" 612
"../../../Engine/Content/EngineSky/C_Sky_Horizon_Color.uasset" 613
"../../../Engine/Content/EngineSky/C_Sky_Zenith_Color.uasset" 614
"../../../Engine/Content/EngineSky/T_Sky_Blue.uasset" 615
"../../../Engine/Content/EngineSky/T_Sky_Clouds_M.uasset" 616
"../../../Engine/Content/EngineSky/T_Sky_Stars.uasset" 617
"../../../Engine/Content/EngineSky/M_Sky_Panning_Clouds2.uasset" 618
"../../../Engine/Content/EngineSky/SM_SkySphere.uasset" 619
"../../../Engine/Content/EngineSky/BP_Sky_Sphere.uasset" 620
"../../../Engine/Content/TemplateResources/M_Template_Master.uasset" 621
"../../../Engine/Content/TemplateResources/MI_Template_BaseGray_03_Metal.uasset" 622
"../../../CMPUnknown/Content/AnimStarterPack/Showcase.umap" 623
"../../../CMPUnknown/Content/Dynamic/Levels/AlternateMap.umap" 624
"../../../CMPUnknown/Content/Dynamic/UI/BGImage.uasset" 625
"../../../CMPUnknown/Content/Dynamic/UI/MainMenu_BP.uasset" 626
"../../../CMPUnknown/Content/Dynamic/Levels/MainMenu.umap" 627
"../../../Engine/Content/Maps/Entry.umap" 628
"../../../CMPUnknown/Content/Static/IndustryPropsPack4/Materials/Containter_Bottom_Removed.uasset" 629
"../../../CMPUnknown/Content/Static/IndustryPropsPack4/Meshes/Container_Bottom_Removed.uasset" 630
"../../../CMPUnknown/Content/Dynamic/Terrain/BP_Container_Bottom_Removed.uasset" 631
"../../../CMPUnknown/Content/Dynamic/Levels/ThirdPersonExampleMap_sharedassets/Basalt_LayerInfo.uasset" 632
"../../../CMPUnknown/Content/Dynamic/Levels/ThirdPersonExampleMap_sharedassets/Sandstone_LayerInfo.uasset" 633
"../../../CMPUnknown/Content/Dynamic/Levels/ThirdPersonExampleMap_BuiltData.uasset" 634
"../../../CMPUnknown/Content/Static/Assets/GlobalTextures/T_Rock_Sandstone_D.uasset" 635
"../../../CMPUnknown/Content/Static/Assets/GlobalTextures/T_Rock_Slate_D.uasset" 636
"../../../CMPUnknown/Content/Dynamic/Terrain/Landscape.uasset" 637
"../../../Engine/Content/EngineMaterials/DefaultPhysicalMaterial.uasset" 638
"../../../CMPUnknown/Content/Static/Enemies/CTRD_Heavy/Meshes/SK_CTRD_Heavy_PhysicsAsset.uasset" 639
"../../../CMPUnknown/Content/Static/Enemies/CTRD_Heavy/Meshes/SK_CTRD_Heavy.uasset" 640
"../../../CMPUnknown/Content/Dynamic/Levels/ThirdPersonExampleMap.umap" 641
"../../../CMPUnknown/Content/StarterContent/Blueprints/Assets/FogBrightnessLUT.uasset" 642
"../../../CMPUnknown/Content/StarterContent/Blueprints/Assets/SunlightColorLUT.uasset" 643
"../../../CMPUnknown/Content/StarterContent/Blueprints/Assets/M_LightStage_Arrows.uasset" 644
"../../../Engine/Content/MapTemplates/Sky/DaylightAmbientCubemap.uasset" 645
"../../../CMPUnknown/Content/StarterContent/Blueprints/Assets/M_LightStage_Skybox_Master.uasset" 646
"../../../CMPUnknown/Content/StarterContent/Blueprints/Assets/M_LightStage_Skybox_Black.uasset" 647
"../../../CMPUnknown/Content/StarterContent/Blueprints/Assets/M_LightStage_Skybox_HDRI.uasset" 648
"../../../Engine/Content/EditorMaterials/Thumbnails/SkySphereMaterial.uasset" 649
"../../../CMPUnknown/Content/StarterContent/Blueprints/Assets/Skybox.uasset" 650
"../../../CMPUnknown/Content/StarterContent/Blueprints/Assets/SM_Arrows.uasset" 651
"../../../CMPUnknown/Content/StarterContent/HDRI/HDRI_Epic_Courtyard_Daylight.uasset" 652
"../../../CMPUnknown/Content/StarterContent/Blueprints/BP_LightStudio.uasset" 653
"../../../CMPUnknown/Content/StarterContent/Maps/Advanced_Lighting_BuiltData.uasset" 654
"../../../CMPUnknown/Content/StarterContent/Materials/M_AssetPlatform.uasset" 655
"../../../Engine/Content/EditorMeshes/ColorCalibrator/M_ChromeBall.uasset" 656
"../../../Engine/Content/EditorMeshes/ColorCalibrator/M_ClearCoat.uasset" 657
"../../../Engine/Content/EditorMeshes/ColorCalibrator/M_ClearCoatBlack.uasset" 658
"../../../Engine/Content/EditorMeshes/ColorCalibrator/M_ColorGrid.uasset" 659
"../../../Engine/Content/EditorMeshes/ColorCalibrator/M_GreyBall.uasset" 660
"../../../Engine/Content/EditorMeshes/ColorCalibrator/SM_ColorCalibrator.uasset" 661
"../../../CMPUnknown/Content/StarterContent/Architecture/SM_AssetPlatform.uasset" 662
"../../../CMPUnknown/Content/StarterContent/Maps/Advanced_Lighting.umap" 663
"../../../CMPUnknown/Content/StarterContent/Maps/Minimal_Default_BuiltData.uasset" 664
"../../../CMPUnknown/Content/StarterContent/Textures/T_MacroVariation.uasset" 665
"../../../CMPUnknown/Content/StarterContent/Materials/M_Metal_Brushed_Nickel.uasset" 666
"../../../CMPUnknown/Content/StarterContent/Textures/T_Metal_Aluminum_D.uasset" 667
"../../../CMPUnknown/Content/StarterContent/Textures/T_Metal_Gold_N.uasset" 668
"../../../CMPUnknown/Content/StarterContent/Materials/M_Metal_Burnished_Steel.uasset" 669
"../../../CMPUnknown/Content/StarterContent/Textures/T_Metal_Copper_D.uasset" 670
"../../../CMPUnknown/Content/StarterContent/Materials/M_Metal_Copper.uasset" 671
"../../../CMPUnknown/Content/StarterContent/Textures/T_Statue_M.uasset" 672
"../../../CMPUnknown/Content/StarterContent/Textures/T_Statue_N.uasset" 673
"../../../CMPUnknown/Content/StarterContent/Props/Materials/M_StatueGlass.uasset" 674
"../../../CMPUnknown/Content/StarterContent/Architecture/Floor_400x400.uasset" 675
"../../../CMPUnknown/Content/StarterContent/Audio/Starter_Background_Cue.uasset" 676
"../../../CMPUnknown/Content/StarterContent/Props/SM_Chair.uasset" 677
"../../../CMPUnknown/Content/StarterContent/Props/Materials/M_Statue.uasset" 678
"../../../CMPUnknown/Content/StarterContent/Props/SM_Statue.uasset" 679
"../../../CMPUnknown/Content/StarterContent/Textures/T_TableRound_M.uasset" 680
"../../../CMPUnknown/Content/StarterContent/Textures/T_TableRound_N.uasset" 681
"../../../CMPUnknown/Content/StarterContent/Props/Materials/M_TableRound.uasset" 682
"../../../CMPUnknown/Content/StarterContent/Props/SM_TableRound.uasset" 683
"../../../CMPUnknown/Content/StarterContent/Maps/Minimal_Default.umap" 684
"../../../CMPUnknown/Content/StarterContent/Audio/Fire01_Cue.uasset" 685
"../../../CMPUnknown/Content/StarterContent/Textures/T_Fire_SubUV.uasset" 686
"../../../CMPUnknown/Content/StarterContent/Textures/T_Fire_Tiled_D.uasset" 687
"../../../CMPUnknown/Content/StarterContent/Particles/Materials/M_Fire_SubUV.uasset" 688
"../../../CMPUnknown/Content/StarterContent/Textures/T_Water_N.uasset" 689
"../../../CMPUnknown/Content/StarterContent/Particles/Materials/M_Heat_Distortion.uasset" 690
"../../../CMPUnknown/Content/StarterContent/Particles/Materials/M_Radial_Gradient.uasset" 691
"../../../CMPUnknown/Content/StarterContent/Particles/P_Fire.uasset" 692
"../../../CMPUnknown/Content/StarterContent/Blueprints/Blueprint_Effect_Fire.uasset" 693
"../../../CMPUnknown/Content/StarterContent/Audio/Smoke01_Cue.uasset" 694
"../../../CMPUnknown/Content/StarterContent/Particles/P_Smoke.uasset" 695
"../../../CMPUnknown/Content/StarterContent/Blueprints/Blueprint_Effect_Smoke.uasset" 696
"../../../CMPUnknown/Content/StarterContent/Audio/Fire_Sparks01_Cue.uasset" 697
"../../../CMPUnknown/Content/StarterContent/Textures/T_Spark_Core.uasset" 698
"../../../CMPUnknown/Content/StarterContent/Particles/Materials/M_Spark.uasset" 699
"../../../CMPUnknown/Content/StarterContent/Particles/P_Sparks.uasset" 700
"../../../CMPUnknown/Content/StarterContent/Blueprints/Blueprint_Effect_Sparks.uasset" 701
"../../../CMPUnknown/Content/StarterContent/Audio/Steam01_Cue.uasset" 702
"../../../CMPUnknown/Content/StarterContent/Particles/P_Steam_Lit.uasset" 703
"../../../CMPUnknown/Content/StarterContent/Blueprints/Blueprint_Effect_Steam.uasset" 704
"../../../CMPUnknown/Content/StarterContent/Textures/T_Lamp_M.uasset" 705
"../../../CMPUnknown/Content/StarterContent/Textures/T_Lamp_N.uasset" 706
"../../../CMPUnknown/Content/StarterContent/Props/Materials/M_Lamp.uasset" 707
"../../../CMPUnknown/Content/StarterContent/Props/SM_Lamp_Ceiling.uasset" 708
"../../../CMPUnknown/Content/StarterContent/Blueprints/Blueprint_CeilingLight.uasset" 709
"../../../CMPUnknown/Content/StarterContent/Props/SM_Lamp_Wall.uasset" 710
"../../../CMPUnknown/Content/StarterContent/Blueprints/Blueprint_WallSconce.uasset" 711
"../../../CMPUnknown/Content/StarterContent/Maps/StarterMap_BuiltData.uasset" 712
"../../../Engine/Content/Functions/Engine_MaterialFunctions03/Procedurals/ComputeFilterWidth.uasset" 713
"../../../Engine/Content/EngineMaterials/AntiAliasedTextMaterialTranslucent.uasset" 714
"../../../CMPUnknown/Content/StarterContent/Textures/T_Brick_Clay_Beveled_D.uasset" 715
"../../../CMPUnknown/Content/StarterContent/Textures/T_Brick_Clay_Beveled_M.uasset" 716
"../../../CMPUnknown/Content/StarterContent/Textures/T_Brick_Clay_Beveled_N.uasset" 717
"../../../CMPUnknown/Content/StarterContent/Materials/M_Brick_Clay_Beveled.uasset" 718
"../../../CMPUnknown/Content/StarterContent/Textures/T_Brick_Clay_New_D.uasset" 719
"../../../CMPUnknown/Content/StarterContent/Textures/T_Brick_Clay_New_M.uasset" 720
"../../../CMPUnknown/Content/StarterContent/Textures/T_Brick_Clay_New_N.uasset" 721
"../../../CMPUnknown/Content/StarterContent/Materials/M_Brick_Clay_New.uasset" 722
"../../../CMPUnknown/Content/StarterContent/Textures/T_Brick_Clay_Old_D.uasset" 723
"../../../CMPUnknown/Content/StarterContent/Textures/T_Brick_Clay_Old_N.uasset" 724
"../../../CMPUnknown/Content/StarterContent/Textures/T_Perlin_Noise_M.uasset" 725
"../../../CMPUnknown/Content/StarterContent/Materials/M_Brick_Clay_Old.uasset" 726
"../../../CMPUnknown/Content/StarterContent/Textures/T_Brick_Cut_Stone_D.uasset" 727
"../../../CMPUnknown/Content/StarterContent/Textures/T_Brick_Cut_Stone_N.uasset" 728
"../../../CMPUnknown/Content/StarterContent/Materials/M_Brick_Cut_Stone.uasset" 729
"../../../CMPUnknown/Content/StarterContent/Textures/T_Brick_Hewn_Stone_D.uasset" 730
"../../../CMPUnknown/Content/StarterContent/Textures/T_Brick_Hewn_Stone_M.uasset" 731
"../../../CMPUnknown/Content/StarterContent/Textures/T_Brick_Hewn_Stone_N.uasset" 732
"../../../CMPUnknown/Content/StarterContent/Materials/M_Brick_Hewn_Stone.uasset" 733
"../../../CMPUnknown/Content/StarterContent/Textures/T_Ceramic_Tile_M.uasset" 734
"../../../CMPUnknown/Content/StarterContent/Textures/T_Ceramic_Tile_N.uasset" 735
"../../../CMPUnknown/Content/StarterContent/Textures/T_Rock_Marble_Polished_D.uasset" 736
"../../../CMPUnknown/Content/StarterContent/Materials/M_Ceramic_Tile_Checker.uasset" 737
"../../../CMPUnknown/Content/StarterContent/Textures/T_CobbleStone_Pebble_D.uasset" 738
"../../../CMPUnknown/Content/StarterContent/Textures/T_CobbleStone_Pebble_M.uasset" 739
"../../../CMPUnknown/Content/StarterContent/Textures/T_CobbleStone_Pebble_N.uasset" 740
"../../../CMPUnknown/Content/StarterContent/Materials/M_CobbleStone_Pebble.uasset" 741
"../../../CMPUnknown/Content/StarterContent/Textures/T_CobbleStone_Rough_D.uasset" 742
"../../../CMPUnknown/Content/StarterContent/Textures/T_CobbleStone_Rough_N.uasset" 743
"../../../CMPUnknown/Content/StarterContent/Textures/T_Gradinet_01.uasset" 744
"../../../CMPUnknown/Content/StarterContent/Textures/T_Rock_Smooth_Granite_D.uasset" 745
"../../../CMPUnknown/Content/StarterContent/Materials/M_CobbleStone_Rough.uasset" 746
"../../../CMPUnknown/Content/StarterContent/Textures/T_CobbleStone_Smooth_D.uasset" 747
"../../../CMPUnknown/Content/StarterContent/Textures/T_CobbleStone_Smooth_M.uasset" 748
"../../../CMPUnknown/Content/StarterContent/Textures/T_CobbleStone_Smooth_N.uasset" 749
"../../../CMPUnknown/Content/StarterContent/Materials/M_CobbleStone_Smooth.uasset" 750
"../../../CMPUnknown/Content/StarterContent/Textures/T_Concrete_Grime_D.uasset" 751
"../../../CMPUnknown/Content/StarterContent/Textures/T_Metal_Rust_N.uasset" 752
"../../../CMPUnknown/Content/StarterContent/Materials/M_Concrete_Grime.uasset" 753
"../../../CMPUnknown/Content/StarterContent/Textures/T_Concrete_Panels_D.uasset" 754
"../../../CMPUnknown/Content/StarterContent/Textures/T_Concrete_Panels_N.uasset" 755
"../../../CMPUnknown/Content/StarterContent/Materials/M_Concrete_Panels.uasset" 756
"../../../CMPUnknown/Content/StarterContent/Textures/T_Concrete_Poured_D.uasset" 757
"../../../CMPUnknown/Content/StarterContent/Textures/T_Concrete_Poured_N.uasset" 758
"../../../CMPUnknown/Content/StarterContent/Materials/M_Concrete_Poured.uasset" 759
"../../../CMPUnknown/Content/StarterContent/Textures/T_Concrete_Tiles_D.uasset" 760
"../../../CMPUnknown/Content/StarterContent/Textures/T_Concrete_Tiles_M.uasset" 761
"../../../CMPUnknown/Content/StarterContent/Textures/T_Concrete_Tiles_N.uasset" 762
"../../../CMPUnknown/Content/StarterContent/Textures/T_Concrete_Tiles_Variation_M.uasset" 763
"../../../CMPUnknown/Content/StarterContent/Materials/M_Concrete_Tiles.uasset" 764
"../../../CMPUnknown/Content/StarterContent/Textures/T_Ground_Grass_D.uasset" 765
"../../../CMPUnknown/Content/StarterContent/Textures/T_Ground_Grass_N.uasset" 766
"../../../CMPUnknown/Content/StarterContent/Materials/M_Ground_Grass.uasset" 767
"../../../CMPUnknown/Content/StarterContent/Textures/T_Ground_Gravel_D.uasset" 768
"../../../CMPUnknown/Content/StarterContent/Textures/T_Ground_Gravel_N.uasset" 769
"../../../CMPUnknown/Content/StarterContent/Materials/M_Ground_Gravel.uasset" 770
"../../../CMPUnknown/Content/StarterContent/Textures/T_ground_Moss_D.uasset" 771
"../../../CMPUnknown/Content/StarterContent/Textures/T_Ground_Moss_N.uasset" 772
"../../../CMPUnknown/Content/StarterContent/Materials/M_Ground_Moss.uasset" 773
"../../../CMPUnknown/Content/StarterContent/Materials/M_Metal_Chrome.uasset" 774
"../../../CMPUnknown/Content/StarterContent/Textures/T_Metal_Gold_D.uasset" 775
"../../../CMPUnknown/Content/StarterContent/Materials/M_Metal_Gold.uasset" 776
"../../../CMPUnknown/Content/StarterContent/Textures/T_Metal_Rust_D.uasset" 777
"../../../CMPUnknown/Content/StarterContent/Materials/M_Metal_Rust.uasset" 778
"../../../CMPUnknown/Content/StarterContent/Textures/T_Metal_Steel_D.uasset" 779
"../../../CMPUnknown/Content/StarterContent/Textures/T_Metal_Steel_N.uasset" 780
"../../../CMPUnknown/Content/StarterContent/Materials/M_Metal_Steel.uasset" 781
"../../../CMPUnknown/Content/StarterContent/Textures/T_Rock_Basalt_N.uasset" 782
"../../../CMPUnknown/Content/StarterContent/Materials/M_Rock_Basalt.uasset" 783
"../../../CMPUnknown/Content/StarterContent/Materials/M_Rock_Marble_Polished.uasset" 784
"../../../CMPUnknown/Content/StarterContent/Textures/T_Rock_Sandstone_D.uasset" 785
"../../../CMPUnknown/Content/StarterContent/Textures/T_Rock_Sandstone_N.uasset" 786
"../../../CMPUnknown/Content/StarterContent/Materials/M_Rock_Sandstone.uasset" 787
"../../../CMPUnknown/Content/StarterContent/Textures/T_Rock_Slate_D.uasset" 788
"../../../CMPUnknown/Content/StarterContent/Textures/T_Rock_Slate_N.uasset" 789
"../../../CMPUnknown/Content/StarterContent/Materials/M_Rock_Slate.uasset" 790
"../../../CMPUnknown/Content/StarterContent/Textures/T_Checker_Noise_M.uasset" 791
"../../../CMPUnknown/Content/StarterContent/Textures/T_Single_Tile_N.uasset" 792
"../../../CMPUnknown/Content/StarterContent/Textures/T_Tech_Dot_M.uasset" 793
"../../../CMPUnknown/Content/StarterContent/Textures/T_Tech_Dot_N.uasset" 794
"../../../CMPUnknown/Content/StarterContent/Materials/M_Tech_Checker_Dot.uasset" 795
"../../../CMPUnknown/Content/StarterContent/Textures/T_Tech_Hex_Tile_M.uasset" 796
"../../../CMPUnknown/Content/StarterContent/Textures/T_Tech_Hex_Tile_N.uasset" 797
"../../../CMPUnknown/Content/StarterContent/Materials/M_Tech_Hex_Tile.uasset" 798
"../../../CMPUnknown/Content/StarterContent/Materials/M_Tech_Hex_Tile_Pulse.uasset" 799
"../../../CMPUnknown/Content/StarterContent/Textures/T_Tech_Panel_M.uasset" 800
"../../../CMPUnknown/Content/StarterContent/Textures/T_Tech_Panel_N.uasset" 801
"../../../CMPUnknown/Content/StarterContent/Materials/M_Tech_Panel.uasset" 802
"../../../CMPUnknown/Content/StarterContent/Materials/M_Water_Lake.uasset" 803
"../../../CMPUnknown/Content/StarterContent/Textures/T_Water_M.uasset" 804
"../../../CMPUnknown/Content/StarterContent/Materials/M_Water_Ocean.uasset" 805
"../../../CMPUnknown/Content/StarterContent/Textures/T_Wood_Floor_Walnut_D.uasset" 806
"../../../CMPUnknown/Content/StarterContent/Textures/T_Wood_Floor_Walnut_M.uasset" 807
"../../../CMPUnknown/Content/StarterContent/Textures/T_Wood_Floor_Walnut_N.uasset" 808
"../../../CMPUnknown/Content/StarterContent/Materials/M_Wood_Floor_Walnut_Polished.uasset" 809
"../../../Engine/Content/Functions/Engine_MaterialFunctions01/Opacity/AlphaOffset.uasset" 810
"../../../CMPUnknown/Content/StarterContent/Materials/M_Wood_Floor_Walnut_Worn.uasset" 811
"../../../CMPUnknown/Content/StarterContent/Textures/T_Wood_Oak_D.uasset" 812
"../../../CMPUnknown/Content/StarterContent/Textures/T_Wood_Oak_N.uasset" 813
"../../../CMPUnknown/Content/StarterContent/Materials/M_Wood_Oak.uasset" 814
"../../../CMPUnknown/Content/StarterContent/Textures/T_Wood_Pine_D.uasset" 815
"../../../CMPUnknown/Content/StarterContent/Textures/T_Wood_Pine_N.uasset" 816
"../../../CMPUnknown/Content/StarterContent/Materials/M_Wood_Pine.uasset" 817
"../../../CMPUnknown/Content/StarterContent/Textures/T_Wood_Walnut_D.uasset" 818
"../../../CMPUnknown/Content/StarterContent/Textures/T_Wood_Walnut_N.uasset" 819
"../../../CMPUnknown/Content/StarterContent/Materials/M_Wood_Walnut.uasset" 820
"../../../CMPUnknown/Content/StarterContent/Architecture/Wall_400x200.uasset" 821
"../../../CMPUnknown/Content/StarterContent/Architecture/Wall_Door_400x300.uasset" 822
"../../../CMPUnknown/Content/StarterContent/Architecture/Wall_Window_400x300.uasset" 823
"../../../CMPUnknown/Content/StarterContent/Audio/Collapse_Cue.uasset" 824
"../../../CMPUnknown/Content/StarterContent/Audio/Starter_Music_Cue.uasset" 825
"../../../CMPUnknown/Content/StarterContent/Textures/T_Dust_Particle_D.uasset" 826
"../../../CMPUnknown/Content/StarterContent/Particles/Materials/M_Dust_Particle.uasset" 827
"../../../CMPUnknown/Content/StarterContent/Particles/P_Ambient_Dust.uasset" 828
"../../../CMPUnknown/Content/StarterContent/Props/MaterialSphere.uasset" 829
"../../../CMPUnknown/Content/StarterContent/Textures/T_Frame_M.uasset" 830
"../../../CMPUnknown/Content/StarterContent/Textures/T_Frame_N.uasset" 831
"../../../CMPUnknown/Content/StarterContent/Props/Materials/M_Frame.uasset" 832
"../../../CMPUnknown/Content/StarterContent/Props/SM_CornerFrame.uasset" 833
"../../../CMPUnknown/Content/StarterContent/Props/SM_DoorFrame.uasset" 834
"../../../CMPUnknown/Content/StarterContent/Props/SM_GlassWindow.uasset" 835
"../../../CMPUnknown/Content/StarterContent/Props/SM_PillarFrame.uasset" 836
"../../../CMPUnknown/Content/StarterContent/Props/SM_PillarFrame300.uasset" 837
"../../../CMPUnknown/Content/StarterContent/Props/SM_WindowFrame.uasset" 838
"../../../CMPUnknown/Content/StarterContent/Shapes/Shape_Cube.uasset" 839
"../../../CMPUnknown/Content/StarterContent/Shapes/Shape_QuadPyramid.uasset" 840
"../../../CMPUnknown/Content/StarterContent/Maps/StarterMap.umap" 841
